<?xml version="1.0" encoding="UTF-8" ?>
<testsuite tests="1" failures="0" name="asd.demo.model.dao.RunTest" time="16.857" errors="1" skipped="0">
  <properties>
    <property name="java.runtime.name" value="Java(TM) SE Runtime Environment"/>
    <property name="sun.boot.library.path" value="C:\Program Files\Java\jdk1.8.0_201\jre\bin"/>
    <property name="java.vm.version" value="25.201-b09"/>
    <property name="java.vm.vendor" value="Oracle Corporation"/>
    <property name="java.vendor.url" value="http://java.oracle.com/"/>
    <property name="path.separator" value=";"/>
    <property name="guice.disable.misplaced.annotation.check" value="true"/>
    <property name="java.vm.name" value="Java HotSpot(TM) 64-Bit Server VM"/>
    <property name="file.encoding.pkg" value="sun.io"/>
    <property name="user.script" value=""/>
    <property name="user.country" value="AU"/>
    <property name="sun.java.launcher" value="SUN_STANDARD"/>
    <property name="sun.os.patch.level" value=""/>
    <property name="java.vm.specification.name" value="Java Virtual Machine Specification"/>
    <property name="user.dir" value="C:\Users\jonny\OneDrive\Desktop\ASD\github"/>
    <property name="java.runtime.version" value="1.8.0_201-b09"/>
    <property name="netbeans.deploy" value="true"/>
    <property name="java.awt.graphicsenv" value="sun.awt.Win32GraphicsEnvironment"/>
    <property name="java.endorsed.dirs" value="C:\Program Files\Java\jdk1.8.0_201\jre\lib\endorsed"/>
    <property name="os.arch" value="amd64"/>
    <property name="java.io.tmpdir" value="C:\Users\jonny\AppData\Local\Temp\"/>
    <property name="line.separator" value="
"/>
    <property name="java.vm.specification.vendor" value="Oracle Corporation"/>
    <property name="user.variant" value=""/>
    <property name="os.name" value="Windows 10"/>
    <property name="maven.ext.class.path" value="C:\Program Files\NetBeans 8.2\java\maven-nblib\netbeans-eventspy.jar"/>
    <property name="classworlds.conf" value="C:\Program Files\NetBeans 8.2\java\maven\bin\m2.conf"/>
    <property name="sun.jnu.encoding" value="Cp1252"/>
    <property name="java.library.path" value="C:\Program Files\Java\jdk1.8.0_201\bin;C:\WINDOWS\Sun\Java\bin;C:\WINDOWS\system32;C:\WINDOWS;C:\Program Files (x86)\Common Files\Oracle\Java\javapath;C:\Windows\system32;C:\Windows;C:\Windows\System32\Wbem;C:\Program Files (x86)\mingw-w64\i686-8.1.0-posix-dwarf-rt_v6-rev0\mingw32\bin;C:\Windows\System32;C:\Users\jonny\AppData\Local\GitHubDesktop\bin;."/>
    <property name="java.specification.name" value="Java Platform API Specification"/>
    <property name="java.class.version" value="52.0"/>
    <property name="sun.management.compiler" value="HotSpot 64-Bit Tiered Compilers"/>
    <property name="os.version" value="10.0"/>
    <property name="user.home" value="C:\Users\jonny"/>
    <property name="user.timezone" value="Australia/Sydney"/>
    <property name="java.awt.printerjob" value="sun.awt.windows.WPrinterJob"/>
    <property name="java.specification.version" value="1.8"/>
    <property name="file.encoding" value="UTF-8"/>
    <property name="user.name" value="jonny"/>
    <property name="java.class.path" value="C:\Program Files\NetBeans 8.2\java\maven\boot\plexus-classworlds-2.4.jar"/>
    <property name="java.vm.specification.version" value="1.8"/>
    <property name="sun.arch.data.model" value="64"/>
    <property name="java.home" value="C:\Program Files\Java\jdk1.8.0_201\jre"/>
    <property name="sun.java.command" value="org.codehaus.plexus.classworlds.launcher.Launcher -Dnetbeans.deploy=true -Dmaven.ext.class.path=C:\Program Files\NetBeans 8.2\java\maven-nblib\netbeans-eventspy.jar -Dfile.encoding=UTF-8 package"/>
    <property name="java.specification.vendor" value="Oracle Corporation"/>
    <property name="user.language" value="en"/>
    <property name="awt.toolkit" value="sun.awt.windows.WToolkit"/>
    <property name="java.vm.info" value="mixed mode"/>
    <property name="java.version" value="1.8.0_201"/>
    <property name="java.ext.dirs" value="C:\Program Files\Java\jdk1.8.0_201\jre\lib\ext;C:\WINDOWS\Sun\Java\lib\ext"/>
    <property name="sun.boot.class.path" value="C:\Program Files\Java\jdk1.8.0_201\jre\lib\resources.jar;C:\Program Files\Java\jdk1.8.0_201\jre\lib\rt.jar;C:\Program Files\Java\jdk1.8.0_201\jre\lib\sunrsasign.jar;C:\Program Files\Java\jdk1.8.0_201\jre\lib\jsse.jar;C:\Program Files\Java\jdk1.8.0_201\jre\lib\jce.jar;C:\Program Files\Java\jdk1.8.0_201\jre\lib\charsets.jar;C:\Program Files\Java\jdk1.8.0_201\jre\lib\jfr.jar;C:\Program Files\Java\jdk1.8.0_201\jre\classes"/>
    <property name="java.vendor" value="Oracle Corporation"/>
    <property name="maven.home" value="C:\Program Files\NetBeans 8.2\java\maven"/>
    <property name="file.separator" value="\"/>
    <property name="java.vendor.url.bug" value="http://bugreport.sun.com/bugreport/"/>
    <property name="sun.cpu.endian" value="little"/>
    <property name="sun.io.unicode.encoding" value="UnicodeLittle"/>
    <property name="sun.desktop" value="windows"/>
    <property name="sun.cpu.isalist" value="amd64"/>
  </properties>
  <testcase classname="Test Login and Check own user details(User login and view own details(Wenting and Yixin UI Testing Combined))" name="Test Login and Check own user details" time="16.453">
    <error message="Unable to locate element: *[name=&apos;login&apos;]
For documentation on this error, please visit: https://www.seleniumhq.org/exceptions/no_such_element.html
Build info: version: &apos;3.141.59&apos;, revision: &apos;e82be7d358&apos;, time: &apos;2018-11-14T08:17:03&apos;
System info: host: &apos;DESKTOP-VSUA7RQ&apos;, ip: &apos;192.168.226.1&apos;, os.name: &apos;Windows 10&apos;, os.arch: &apos;amd64&apos;, os.version: &apos;10.0&apos;, java.version: &apos;1.8.0_201&apos;
Driver info: org.openqa.selenium.firefox.FirefoxDriver
Capabilities {acceptInsecureCerts: true, browserName: firefox, browserVersion: 62.0.3, javascriptEnabled: true, moz:accessibilityChecks: false, moz:geckodriverVersion: 0.25.0, moz:headless: false, moz:processID: 15668, moz:profile: C:\Users\jonny\AppData\Loca..., moz:useNonSpecCompliantPointerOrigin: false, moz:webdriverClick: true, pageLoadStrategy: normal, platform: XP, platformName: XP, platformVersion: 10.0, rotatable: false, timeouts: {implicit: 0, pageLoad: 300000, script: 30000}}
Session ID: 75db4347-0852-4c03-9ba3-ca1e062ae394
*** Element info: {Using=name, value=login}" type="org.openqa.selenium.NoSuchElementException">org.openqa.selenium.NoSuchElementException: Unable to locate element: *[name=&apos;login&apos;]
For documentation on this error, please visit: https://www.seleniumhq.org/exceptions/no_such_element.html
Build info: version: &apos;3.141.59&apos;, revision: &apos;e82be7d358&apos;, time: &apos;2018-11-14T08:17:03&apos;
System info: host: &apos;DESKTOP-VSUA7RQ&apos;, ip: &apos;192.168.226.1&apos;, os.name: &apos;Windows 10&apos;, os.arch: &apos;amd64&apos;, os.version: &apos;10.0&apos;, java.version: &apos;1.8.0_201&apos;
Driver info: org.openqa.selenium.firefox.FirefoxDriver
Capabilities {acceptInsecureCerts: true, browserName: firefox, browserVersion: 62.0.3, javascriptEnabled: true, moz:accessibilityChecks: false, moz:geckodriverVersion: 0.25.0, moz:headless: false, moz:processID: 15668, moz:profile: C:\Users\jonny\AppData\Loca..., moz:useNonSpecCompliantPointerOrigin: false, moz:webdriverClick: true, pageLoadStrategy: normal, platform: XP, platformName: XP, platformVersion: 10.0, rotatable: false, timeouts: {implicit: 0, pageLoad: 300000, script: 30000}}
Session ID: 75db4347-0852-4c03-9ba3-ca1e062ae394
*** Element info: {Using=name, value=login}
	at sun.reflect.NativeConstructorAccessorImpl.newInstance0(Native Method)
	at sun.reflect.NativeConstructorAccessorImpl.newInstance(NativeConstructorAccessorImpl.java:62)
	at sun.reflect.DelegatingConstructorAccessorImpl.newInstance(DelegatingConstructorAccessorImpl.java:45)
	at java.lang.reflect.Constructor.newInstance(Constructor.java:423)
	at org.openqa.selenium.remote.http.W3CHttpResponseCodec.createException(W3CHttpResponseCodec.java:187)
	at org.openqa.selenium.remote.http.W3CHttpResponseCodec.decode(W3CHttpResponseCodec.java:122)
	at org.openqa.selenium.remote.http.W3CHttpResponseCodec.decode(W3CHttpResponseCodec.java:49)
	at org.openqa.selenium.remote.HttpCommandExecutor.execute(HttpCommandExecutor.java:158)
	at org.openqa.selenium.remote.service.DriverCommandExecutor.execute(DriverCommandExecutor.java:83)
	at org.openqa.selenium.remote.RemoteWebDriver.execute(RemoteWebDriver.java:552)
	at org.openqa.selenium.remote.RemoteWebDriver.findElement(RemoteWebDriver.java:323)
	at org.openqa.selenium.remote.RemoteWebDriver.findElementByName(RemoteWebDriver.java:404)
	at org.openqa.selenium.By$ByName.findElement(By.java:284)
	at org.openqa.selenium.remote.RemoteWebDriver.findElement(RemoteWebDriver.java:315)
	at asd.demo.model.dao.LoginButtonTest.login_button_enabled(LoginButtonTest.java:46)
	at âœ½.Login button enabled(file:features/demo.feature:7)
</error>
    <system-out>
&lt;-- Test Finished03:30:55.524 [main] INFO io.github.bonigarcia.wdm.WebDriverManager - Reading https://api.github.com/repos/mozilla/geckodriver/releases to seek wires, geckodriver
03:30:56.360 [cluster-ClusterId{value=&apos;5d9e0b3e3eabed33905cb71b&apos;, description=&apos;null&apos;}-ds023603.mlab.com:23603] INFO org.mongodb.driver.connection - Opened connection [connectionId{localValue:1, serverValue:1438279}] to ds023603.mlab.com:23603
03:30:56.361 [cluster-ClusterId{value=&apos;5d9e0b3e3eabed33905cb71b&apos;, description=&apos;null&apos;}-ds023603.mlab.com:23603] DEBUG org.mongodb.driver.cluster - Checking status of ds023603.mlab.com:23603
03:30:56.637 [cluster-ClusterId{value=&apos;5d9e0b3e3eabed33905cb71b&apos;, description=&apos;null&apos;}-ds023603.mlab.com:23603] INFO org.mongodb.driver.cluster - Monitor thread successfully connected to server with description ServerDescription{address=ds023603.mlab.com:23603, type=REPLICA_SET_PRIMARY, state=CONNECTED, ok=true, version=ServerVersion{versionList=[3, 6, 12]}, minWireVersion=0, maxWireVersion=6, maxDocumentSize=16777216, roundTripTimeNanos=255189039, setName=&apos;rs-ds023603&apos;, canonicalAddress=ds023603-a.mlab.com:23603, hosts=[ds023603-a.mlab.com:23603], passives=[], arbiters=[], primary=&apos;ds023603-a.mlab.com:23603&apos;, tagSet=TagSet{[]}, electionId=7fffffff000000000000000a, setVersion=2, lastWriteDate=Thu Oct 10 03:30:48 AEDT 2019, lastUpdateTimeNanos=15837543548659}
03:30:56.643 [cluster-ClusterId{value=&apos;5d9e0b3e3eabed33905cb71b&apos;, description=&apos;null&apos;}-ds023603.mlab.com:23603] DEBUG org.mongodb.driver.cluster - Updating cluster description to  {type=REPLICA_SET, servers=[{address=ds023603.mlab.com:23603, type=REPLICA_SET_PRIMARY, roundTripTime=255.2 ms, state=CONNECTED}]
03:30:56.670 [main] INFO io.github.bonigarcia.wdm.WebDriverManager - Latest version of wires, geckodriver is 0.25.0
03:30:56.730 [main] INFO io.github.bonigarcia.wdm.Downloader - Using binary driver previously downloaded
03:30:56.733 [main] INFO io.github.bonigarcia.wdm.WebDriverManager - Exporting webdriver.gecko.driver as C:\Users\jonny\.m2\repository\webdriver\geckodriver\win64\0.25.0\geckodriver.exe
03:31:06.644 [cluster-ClusterId{value=&apos;5d9e0b3e3eabed33905cb71b&apos;, description=&apos;null&apos;}-ds023603.mlab.com:23603] DEBUG org.mongodb.driver.cluster - Checking status of ds023603.mlab.com:23603
03:31:06.948 [cluster-ClusterId{value=&apos;5d9e0b3e3eabed33905cb71b&apos;, description=&apos;null&apos;}-ds023603.mlab.com:23603] DEBUG org.mongodb.driver.cluster - Updating cluster description to  {type=REPLICA_SET, servers=[{address=ds023603.mlab.com:23603, type=REPLICA_SET_PRIMARY, roundTripTime=264.5 ms, state=CONNECTED}]
</system-out>
    <system-err>1570638659389	mozrunner::runner	INFO	Running command: &quot;C:\\Program Files\\Mozilla Firefox\\firefox.exe&quot; &quot;-marionette&quot; &quot;-foreground&quot; &quot;-no-remote&quot; &quot;-profile&quot; &quot;C:\\Users\\jonny\\AppData\\Local\\Temp\\rust_mozprofileKz531B&quot;
1570638663723	Marionette	INFO	Listening on port 55851
1570638663820	Marionette	WARN	TLS certificate errors will be ignored for this session
1570638663992	Marionette	DEBUG	[6442450945] Frame script loaded
1570638664208	Marionette	DEBUG	[6442450945] Frame script registered
Oct 10, 2019 3:31:04 AM org.openqa.selenium.remote.ProtocolHandshake createSession
INFO: Detected dialect: W3C
1570638664726	Marionette	DEBUG	[6442450945] Received DOM event beforeunload for about:blank
1570638665848	Marionette	DEBUG	[6442450945] Received DOM event pagehide for about:blank
1570638667789	Marionette	DEBUG	[6442450945] Received DOM event DOMContentLoaded for https://asd-demo-opal.herokuapp.com/
1570638669238	Marionette	DEBUG	[6442450945] Received DOM event pageshow for https://asd-demo-opal.herokuapp.com/
1570638669272	Marionette	DEBUG	[6442450945] Received DOM event beforeunload for https://asd-demo-opal.herokuapp.com/
1570638669608	Marionette	DEBUG	[6442450945] Received DOM event pagehide for https://asd-demo-opal.herokuapp.com/
1570638670247	Marionette	DEBUG	[6442450945] Received DOM event DOMContentLoaded for https://asd-demo-opal.herokuapp.com/login.jsp
1570638670546	Marionette	DEBUG	[6442450945] Received DOM event pageshow for https://asd-demo-opal.herokuapp.com/login.jsp
1570638670571	Marionette	DEBUG	[6442450945] Received DOM event beforeunload for https://asd-demo-opal.herokuapp.com/login.jsp
1570638670867	Marionette	DEBUG	[6442450945] Received DOM event pagehide for https://asd-demo-opal.herokuapp.com/login.jsp
1570638671180	Marionette	DEBUG	[6442450945] Received DOM event DOMContentLoaded for https://asd-demo-opal.herokuapp.com/login.jsp
1570638671188	Marionette	DEBUG	[6442450945] Received DOM event pageshow for https://asd-demo-opal.herokuapp.com/login.jsp
</system-err>
  </testcase>
</testsuite>